<?xml version="1.0" encoding="UTF-8"?>
<testsuites name="jest tests" tests="3" failures="0" time="1.685">
  <testsuite name="undefined" errors="0" failures="0" skipped="0" timestamp="2019-11-29T14:23:21" time="0.74" tests="1">
    <testcase classname=" complete multi suites" name=" complete multi suites" time="0.013">
    </testcase>
  </testsuite>
  <testsuite name="undefined" errors="0" failures="0" skipped="0" timestamp="2019-11-29T14:23:22" time="0.283" tests="1">
    <testcase classname=" renders hero" name=" renders hero" time="0.037">
    </testcase>
  </testsuite>
  <testsuite name="undefined" errors="0" failures="0" skipped="0" timestamp="2019-11-29T14:23:22" time="0.1" tests="1">
    <testcase classname=" renders files" name=" renders files" time="0.003">
    </testcase>
  </testsuite>
</testsuites>