<?xml version="1.0" encoding="UTF-8"?>
<testsuites name="jest tests" tests="3" failures="0" time="1.384">
  <testsuite name="undefined" errors="0" failures="0" skipped="0" timestamp="2019-11-29T08:59:52" time="0.656" tests="1">
    <testcase classname=" renders hero" name=" renders hero" time="0.027">
    </testcase>
  </testsuite>
  <testsuite name="undefined" errors="0" failures="0" skipped="0" timestamp="2019-11-29T08:59:53" time="0.149" tests="1">
    <testcase classname=" complete multi suites" name=" complete multi suites" time="0.009">
    </testcase>
  </testsuite>
  <testsuite name="undefined" errors="0" failures="0" skipped="0" timestamp="2019-11-29T08:59:53" time="0.104" tests="1">
    <testcase classname=" renders files" name=" renders files" time="0.006">
    </testcase>
  </testsuite>
</testsuites>