<?xml version="1.0" encoding="UTF-8"?>
<testsuites name="jest tests" tests="3" failures="0" time="1.537">
  <testsuite name="undefined" errors="0" failures="0" skipped="0" timestamp="2019-11-29T14:26:45" time="0.647" tests="1">
    <testcase classname=" complete multi suites" name=" complete multi suites" time="0.012">
    </testcase>
  </testsuite>
  <testsuite name="undefined" errors="0" failures="0" skipped="0" timestamp="2019-11-29T14:26:45" time="0.229" tests="1">
    <testcase classname=" renders hero" name=" renders hero" time="0.03">
    </testcase>
  </testsuite>
  <testsuite name="undefined" errors="0" failures="0" skipped="0" timestamp="2019-11-29T14:26:46" time="0.114" tests="1">
    <testcase classname=" renders files" name=" renders files" time="0.004">
    </testcase>
  </testsuite>
</testsuites>