<?xml version="1.0" encoding="UTF-8"?>
<testsuites name="jest tests" tests="13" failures="0" time="3.743">
  <testsuite name="undefined" errors="0" failures="0" skipped="0" timestamp="2020-08-17T07:30:27" time="1.684" tests="1">
    <testcase classname=" get files" name=" get files" time="0.023">
    </testcase>
  </testsuite>
  <testsuite name="undefined" errors="0" failures="0" skipped="0" timestamp="2020-08-17T07:30:27" time="1.941" tests="1">
    <testcase classname=" complete multi suites" name=" complete multi suites" time="0.023">
    </testcase>
  </testsuite>
  <testsuite name="undefined" errors="0" failures="0" skipped="0" timestamp="2020-08-17T07:30:27" time="1.948" tests="2">
    <testcase classname=" renders hero" name=" renders hero" time="0.026">
    </testcase>
    <testcase classname=" renders hero with title and brand" name=" renders hero with title and brand" time="0.003">
    </testcase>
  </testsuite>
  <testsuite name="undefined" errors="0" failures="0" skipped="0" timestamp="2020-08-17T07:30:27" time="2.078" tests="1">
    <testcase classname=" get description" name=" get description" time="0.029">
    </testcase>
  </testsuite>
  <testsuite name="undefined" errors="0" failures="0" skipped="0" timestamp="2020-08-17T07:30:27" time="2.218" tests="1">
    <testcase classname=" get suites" name=" get suites" time="0.295">
    </testcase>
  </testsuite>
  <testsuite name="undefined" errors="0" failures="0" skipped="0" timestamp="2020-08-17T07:30:27" time="2.192" tests="1">
    <testcase classname=" renders test options" name=" renders test options" time="0.024">
    </testcase>
  </testsuite>
  <testsuite name="undefined" errors="0" failures="0" skipped="0" timestamp="2020-08-17T07:30:27" time="2.299" tests="1">
    <testcase classname=" renders suite" name=" renders suite" time="0.03">
    </testcase>
  </testsuite>
  <testsuite name="undefined" errors="0" failures="0" skipped="0" timestamp="2020-08-17T07:30:29" time="0.294" tests="1">
    <testcase classname=" renders toggle" name=" renders toggle" time="0.003">
    </testcase>
  </testsuite>
  <testsuite name="undefined" errors="0" failures="0" skipped="0" timestamp="2020-08-17T07:30:29" time="0.655" tests="1">
    <testcase classname=" renders properties options" name=" renders properties options" time="0.021">
    </testcase>
  </testsuite>
  <testsuite name="undefined" errors="0" failures="0" skipped="0" timestamp="2020-08-17T07:30:29" time="0.501" tests="1">
    <testcase classname=" renders suite options" name=" renders suite options" time="0.016">
    </testcase>
  </testsuite>
  <testsuite name="undefined" errors="0" failures="0" skipped="0" timestamp="2020-08-17T07:30:29" time="0.474" tests="1">
    <testcase classname=" renders files" name=" renders files" time="0.012">
    </testcase>
  </testsuite>
  <testsuite name="undefined" errors="0" failures="0" skipped="0" timestamp="2020-08-17T07:30:29" time="0.272" tests="1">
    <testcase classname=" renders logo" name=" renders logo" time="0.009">
    </testcase>
  </testsuite>
</testsuites>