<?xml version="1.0" encoding="UTF-8"?>
<testsuites name="jest tests" tests="4" failures="0" time="1.831">
  <testsuite name="undefined" errors="0" failures="0" skipped="0" timestamp="2020-08-18T09:49:22" time="0.627" tests="1">
    <testcase classname=" get files" name=" get files" time="0.014">
    </testcase>
  </testsuite>
  <testsuite name="undefined" errors="0" failures="0" skipped="0" timestamp="2020-08-18T09:49:22" time="0.656" tests="1">
    <testcase classname=" complete multi suites" name=" complete multi suites" time="0.014">
    </testcase>
  </testsuite>
  <testsuite name="undefined" errors="0" failures="0" skipped="0" timestamp="2020-08-18T09:49:22" time="0.662" tests="1">
    <testcase classname=" get description" name=" get description" time="0.013">
    </testcase>
  </testsuite>
  <testsuite name="undefined" errors="0" failures="0" skipped="0" timestamp="2020-08-18T09:49:22" time="0.779" tests="1">
    <testcase classname=" get suites" name=" get suites" time="0.126">
    </testcase>
  </testsuite>
</testsuites>