<?xml version="1.0" encoding="UTF-8"?>
<testsuites name="jest tests" tests="13" failures="0" errors="0" time="10.515">
  <testsuite name="undefined" errors="0" failures="0" skipped="0" timestamp="2022-05-20T11:24:09" time="3.28" tests="1">
    <testcase classname=" renders suite" name=" renders suite" time="0.247">
    </testcase>
  </testsuite>
  <testsuite name="undefined" errors="0" failures="0" skipped="0" timestamp="2022-05-20T11:24:09" time="3.486" tests="1">
    <testcase classname=" get description" name=" get description" time="0.02">
    </testcase>
  </testsuite>
  <testsuite name="undefined" errors="0" failures="0" skipped="0" timestamp="2022-05-20T11:24:09" time="3.348" tests="1">
    <testcase classname=" get files" name=" get files" time="0.046">
    </testcase>
  </testsuite>
  <testsuite name="undefined" errors="0" failures="0" skipped="0" timestamp="2022-05-20T11:24:09" time="3.727" tests="2">
    <testcase classname=" renders hero" name=" renders hero" time="0.125">
    </testcase>
    <testcase classname=" renders hero with title and brand" name=" renders hero with title and brand" time="0.002">
    </testcase>
  </testsuite>
  <testsuite name="undefined" errors="0" failures="0" skipped="0" timestamp="2022-05-20T11:24:09" time="3.96" tests="1">
    <testcase classname=" complete multi suites" name=" complete multi suites" time="0.202">
    </testcase>
  </testsuite>
  <testsuite name="undefined" errors="0" failures="0" skipped="0" timestamp="2022-05-20T11:24:09" time="3.95" tests="1">
    <testcase classname=" renders test options" name=" renders test options" time="0.219">
    </testcase>
  </testsuite>
  <testsuite name="undefined" errors="0" failures="0" skipped="0" timestamp="2022-05-20T11:24:13" time="0.493" tests="1">
    <testcase classname=" renders properties options" name=" renders properties options" time="0.005">
    </testcase>
  </testsuite>
  <testsuite name="undefined" errors="0" failures="0" skipped="0" timestamp="2022-05-20T11:24:09" time="4.387" tests="1">
    <testcase classname=" get suites" name=" get suites" time="0.814">
    </testcase>
  </testsuite>
  <testsuite name="undefined" errors="0" failures="0" skipped="0" timestamp="2022-05-20T11:24:13" time="0.856" tests="1">
    <testcase classname=" renders suite options" name=" renders suite options" time="0.037">
    </testcase>
  </testsuite>
  <testsuite name="undefined" errors="0" failures="0" skipped="0" timestamp="2022-05-20T11:24:13" time="0.838" tests="1">
    <testcase classname=" renders files" name=" renders files" time="0.031">
    </testcase>
  </testsuite>
  <testsuite name="undefined" errors="0" failures="0" skipped="0" timestamp="2022-05-20T11:24:13" time="0.939" tests="1">
    <testcase classname=" renders toggle" name=" renders toggle" time="0.041">
    </testcase>
  </testsuite>
  <testsuite name="undefined" errors="0" failures="0" skipped="0" timestamp="2022-05-20T11:24:13" time="0.848" tests="1">
    <testcase classname=" renders logo" name=" renders logo" time="0.039">
    </testcase>
  </testsuite>
</testsuites>