<?xml version="1.0" encoding="UTF-8"?>
<testsuites name="jest tests" tests="13" failures="0" time="4.341">
  <testsuite name="undefined" errors="0" failures="0" skipped="0" timestamp="2020-08-18T09:18:20" time="2.142" tests="1">
    <testcase classname=" get files" name=" get files" time="0.049">
    </testcase>
  </testsuite>
  <testsuite name="undefined" errors="0" failures="0" skipped="0" timestamp="2020-08-18T09:18:20" time="2.201" tests="2">
    <testcase classname=" renders hero" name=" renders hero" time="0.03">
    </testcase>
    <testcase classname=" renders hero with title and brand" name=" renders hero with title and brand" time="0.003">
    </testcase>
  </testsuite>
  <testsuite name="undefined" errors="0" failures="0" skipped="0" timestamp="2020-08-18T09:18:20" time="2.333" tests="1">
    <testcase classname=" complete multi suites" name=" complete multi suites" time="0.025">
    </testcase>
  </testsuite>
  <testsuite name="undefined" errors="0" failures="0" skipped="0" timestamp="2020-08-18T09:18:20" time="2.452" tests="1">
    <testcase classname=" get description" name=" get description" time="0.04">
    </testcase>
  </testsuite>
  <testsuite name="undefined" errors="0" failures="0" skipped="0" timestamp="2020-08-18T09:18:20" time="2.55" tests="1">
    <testcase classname=" renders test options" name=" renders test options" time="0.028">
    </testcase>
  </testsuite>
  <testsuite name="undefined" errors="0" failures="0" skipped="0" timestamp="2020-08-18T09:18:20" time="2.584" tests="1">
    <testcase classname=" renders suite" name=" renders suite" time="0.043">
    </testcase>
  </testsuite>
  <testsuite name="undefined" errors="0" failures="0" skipped="0" timestamp="2020-08-18T09:18:20" time="2.612" tests="1">
    <testcase classname=" get suites" name=" get suites" time="0.239">
    </testcase>
  </testsuite>
  <testsuite name="undefined" errors="0" failures="0" skipped="0" timestamp="2020-08-18T09:18:22" time="0.341" tests="1">
    <testcase classname=" renders toggle" name=" renders toggle" time="0.021">
    </testcase>
  </testsuite>
  <testsuite name="undefined" errors="0" failures="0" skipped="0" timestamp="2020-08-18T09:18:22" time="0.493" tests="1">
    <testcase classname=" renders suite options" name=" renders suite options" time="0.006">
    </testcase>
  </testsuite>
  <testsuite name="undefined" errors="0" failures="0" skipped="0" timestamp="2020-08-18T09:18:22" time="0.245" tests="1">
    <testcase classname=" renders logo" name=" renders logo" time="0.002">
    </testcase>
  </testsuite>
  <testsuite name="undefined" errors="0" failures="0" skipped="0" timestamp="2020-08-18T09:18:22" time="0.632" tests="1">
    <testcase classname=" renders properties options" name=" renders properties options" time="0.013">
    </testcase>
  </testsuite>
  <testsuite name="undefined" errors="0" failures="0" skipped="0" timestamp="2020-08-18T09:18:22" time="0.449" tests="1">
    <testcase classname=" renders files" name=" renders files" time="0.012">
    </testcase>
  </testsuite>
</testsuites>