<?xml version="1.0" encoding="UTF-8"?>
<testsuites name="jest tests" tests="13" failures="0" errors="0" time="7.812">
  <testsuite name="undefined" errors="0" failures="0" skipped="0" timestamp="2021-04-14T08:44:13" time="2.711" tests="1">
    <testcase classname=" get description" name=" get description" time="0.023">
    </testcase>
  </testsuite>
  <testsuite name="undefined" errors="0" failures="0" skipped="0" timestamp="2021-04-14T08:44:13" time="2.673" tests="1">
    <testcase classname=" get files" name=" get files" time="0.121">
    </testcase>
  </testsuite>
  <testsuite name="undefined" errors="0" failures="0" skipped="0" timestamp="2021-04-14T08:44:13" time="2.812" tests="1">
    <testcase classname=" renders suite options" name=" renders suite options" time="0.023">
    </testcase>
  </testsuite>
  <testsuite name="undefined" errors="0" failures="0" skipped="0" timestamp="2021-04-14T08:44:13" time="2.836" tests="1">
    <testcase classname=" complete multi suites" name=" complete multi suites" time="0.092">
    </testcase>
  </testsuite>
  <testsuite name="undefined" errors="0" failures="0" skipped="0" timestamp="2021-04-14T08:44:13" time="2.88" tests="1">
    <testcase classname=" renders test options" name=" renders test options" time="0.02">
    </testcase>
  </testsuite>
  <testsuite name="undefined" errors="0" failures="0" skipped="0" timestamp="2021-04-14T08:44:13" time="3.01" tests="1">
    <testcase classname=" renders suite" name=" renders suite" time="0.117">
    </testcase>
  </testsuite>
  <testsuite name="undefined" errors="0" failures="0" skipped="0" timestamp="2021-04-14T08:44:13" time="3.397" tests="1">
    <testcase classname=" get suites" name=" get suites" time="0.643">
    </testcase>
  </testsuite>
  <testsuite name="undefined" errors="0" failures="0" skipped="0" timestamp="2021-04-14T08:44:16" time="0.772" tests="2">
    <testcase classname=" renders hero" name=" renders hero" time="0.018">
    </testcase>
    <testcase classname=" renders hero with title and brand" name=" renders hero with title and brand" time="0.002">
    </testcase>
  </testsuite>
  <testsuite name="undefined" errors="0" failures="0" skipped="0" timestamp="2021-04-14T08:44:16" time="0.517" tests="1">
    <testcase classname=" renders properties options" name=" renders properties options" time="0.023">
    </testcase>
  </testsuite>
  <testsuite name="undefined" errors="0" failures="0" skipped="0" timestamp="2021-04-14T08:44:16" time="0.453" tests="1">
    <testcase classname=" renders logo" name=" renders logo" time="0.005">
    </testcase>
  </testsuite>
  <testsuite name="undefined" errors="0" failures="0" skipped="0" timestamp="2021-04-14T08:44:16" time="0.663" tests="1">
    <testcase classname=" renders toggle" name=" renders toggle" time="0.048">
    </testcase>
  </testsuite>
  <testsuite name="undefined" errors="0" failures="0" skipped="0" timestamp="2021-04-14T08:44:16" time="0.667" tests="1">
    <testcase classname=" renders files" name=" renders files" time="0.037">
    </testcase>
  </testsuite>
</testsuites>