<?xml version="1.0" encoding="UTF-8"?>
<testsuites name="jest tests" tests="12" failures="0" time="2.042">
  <testsuite name="undefined" errors="0" failures="0" skipped="0" timestamp="2020-02-17T11:00:02" time="0.671" tests="1">
    <testcase classname=" renders suite" name=" renders suite" time="0.02">
    </testcase>
  </testsuite>
  <testsuite name="undefined" errors="0" failures="0" skipped="0" timestamp="2020-02-17T11:00:02" time="0.746" tests="1">
    <testcase classname=" renders files" name=" renders files" time="0.016">
    </testcase>
  </testsuite>
  <testsuite name="undefined" errors="0" failures="0" skipped="0" timestamp="2020-02-17T11:00:02" time="0.726" tests="1">
    <testcase classname=" get files" name=" get files" time="0.014">
    </testcase>
  </testsuite>
  <testsuite name="undefined" errors="0" failures="0" skipped="0" timestamp="2020-02-17T11:00:02" time="0.754" tests="1">
    <testcase classname=" get suites" name=" get suites" time="0.132">
    </testcase>
  </testsuite>
  <testsuite name="undefined" errors="0" failures="0" skipped="0" timestamp="2020-02-17T11:00:03" time="0.216" tests="1">
    <testcase classname=" get description" name=" get description" time="0.009">
    </testcase>
  </testsuite>
  <testsuite name="undefined" errors="0" failures="0" skipped="0" timestamp="2020-02-17T11:00:03" time="0.193" tests="1">
    <testcase classname=" complete multi suites" name=" complete multi suites" time="0.011">
    </testcase>
  </testsuite>
  <testsuite name="undefined" errors="0" failures="0" skipped="0" timestamp="2020-02-17T11:00:03" time="0.191" tests="1">
    <testcase classname=" renders properties options" name=" renders properties options" time="0.017">
    </testcase>
  </testsuite>
  <testsuite name="undefined" errors="0" failures="0" skipped="0" timestamp="2020-02-17T11:00:03" time="0.21" tests="1">
    <testcase classname=" renders test options" name=" renders test options" time="0.018">
    </testcase>
  </testsuite>
  <testsuite name="undefined" errors="0" failures="0" skipped="0" timestamp="2020-02-17T11:00:03" time="0.178" tests="1">
    <testcase classname=" renders hero" name=" renders hero" time="0.003">
    </testcase>
  </testsuite>
  <testsuite name="undefined" errors="0" failures="0" skipped="0" timestamp="2020-02-17T11:00:03" time="0.198" tests="1">
    <testcase classname=" renders suite options" name=" renders suite options" time="0.004">
    </testcase>
  </testsuite>
  <testsuite name="undefined" errors="0" failures="0" skipped="0" timestamp="2020-02-17T11:00:03" time="0.18" tests="1">
    <testcase classname=" renders toggle" name=" renders toggle" time="0.002">
    </testcase>
  </testsuite>
  <testsuite name="undefined" errors="0" failures="0" skipped="0" timestamp="2020-02-17T11:00:03" time="0.179" tests="1">
    <testcase classname=" renders logo" name=" renders logo" time="0.003">
    </testcase>
  </testsuite>
</testsuites>