<?xml version="1.0" encoding="UTF-8"?>
<testsuites name="jest tests" tests="3" failures="0" time="1.465">
  <testsuite name="undefined" errors="0" failures="0" skipped="0" timestamp="2019-11-29T14:33:27" time="0.612" tests="1">
    <testcase classname=" complete multi suites" name=" complete multi suites" time="0.014">
    </testcase>
  </testsuite>
  <testsuite name="undefined" errors="0" failures="0" skipped="0" timestamp="2019-11-29T14:33:28" time="0.218" tests="1">
    <testcase classname=" renders hero" name=" renders hero" time="0.028">
    </testcase>
  </testsuite>
  <testsuite name="undefined" errors="0" failures="0" skipped="0" timestamp="2019-11-29T14:33:28" time="0.1" tests="1">
    <testcase classname=" renders files" name=" renders files" time="0.004">
    </testcase>
  </testsuite>
</testsuites>