<?xml version="1.0" encoding="UTF-8"?>
<testsuites name="jest tests" tests="13" failures="0" time="2.768">
  <testsuite name="undefined" errors="0" failures="0" skipped="0" timestamp="2020-08-18T09:31:56" time="1.026" tests="2">
    <testcase classname=" renders hero" name=" renders hero" time="0.024">
    </testcase>
    <testcase classname=" renders hero with title and brand" name=" renders hero with title and brand" time="0.015">
    </testcase>
  </testsuite>
  <testsuite name="undefined" errors="0" failures="0" skipped="0" timestamp="2020-08-18T09:31:56" time="0.988" tests="1">
    <testcase classname=" get files" name=" get files" time="0.026">
    </testcase>
  </testsuite>
  <testsuite name="undefined" errors="0" failures="0" skipped="0" timestamp="2020-08-18T09:31:56" time="1.043" tests="1">
    <testcase classname=" get description" name=" get description" time="0.021">
    </testcase>
  </testsuite>
  <testsuite name="undefined" errors="0" failures="0" skipped="0" timestamp="2020-08-18T09:31:56" time="1.037" tests="1">
    <testcase classname=" complete multi suites" name=" complete multi suites" time="0.039">
    </testcase>
  </testsuite>
  <testsuite name="undefined" errors="0" failures="0" skipped="0" timestamp="2020-08-18T09:31:56" time="1.073" tests="1">
    <testcase classname=" renders suite" name=" renders suite" time="0.044">
    </testcase>
  </testsuite>
  <testsuite name="undefined" errors="0" failures="0" skipped="0" timestamp="2020-08-18T09:31:56" time="1.062" tests="1">
    <testcase classname=" renders test options" name=" renders test options" time="0.03">
    </testcase>
  </testsuite>
  <testsuite name="undefined" errors="0" failures="0" skipped="0" timestamp="2020-08-18T09:31:56" time="1.268" tests="1">
    <testcase classname=" get suites" name=" get suites" time="0.275">
    </testcase>
  </testsuite>
  <testsuite name="undefined" errors="0" failures="0" skipped="0" timestamp="2020-08-18T09:31:57" time="0.261" tests="1">
    <testcase classname=" renders toggle" name=" renders toggle" time="0.012">
    </testcase>
  </testsuite>
  <testsuite name="undefined" errors="0" failures="0" skipped="0" timestamp="2020-08-18T09:31:57" time="0.308" tests="1">
    <testcase classname=" renders properties options" name=" renders properties options" time="0.004">
    </testcase>
  </testsuite>
  <testsuite name="undefined" errors="0" failures="0" skipped="0" timestamp="2020-08-18T09:31:57" time="0.266" tests="1">
    <testcase classname=" renders files" name=" renders files" time="0.015">
    </testcase>
  </testsuite>
  <testsuite name="undefined" errors="0" failures="0" skipped="0" timestamp="2020-08-18T09:31:57" time="0.217" tests="1">
    <testcase classname=" renders logo" name=" renders logo" time="0.003">
    </testcase>
  </testsuite>
  <testsuite name="undefined" errors="0" failures="0" skipped="0" timestamp="2020-08-18T09:31:57" time="0.292" tests="1">
    <testcase classname=" renders suite options" name=" renders suite options" time="0.014">
    </testcase>
  </testsuite>
</testsuites>