<?xml version="1.0" encoding="UTF-8"?>
<testsuites name="jest tests" tests="4" failures="0" time="2.119">
  <testsuite name="undefined" errors="0" failures="0" skipped="0" timestamp="2020-02-13T12:57:35" time="0.824" tests="1">
    <testcase classname=" get files" name=" get files" time="0.022">
    </testcase>
  </testsuite>
  <testsuite name="undefined" errors="0" failures="0" skipped="0" timestamp="2020-02-13T12:57:36" time="0.804" tests="1">
    <testcase classname=" renders suite" name=" renders suite" time="0.024">
    </testcase>
  </testsuite>
  <testsuite name="undefined" errors="0" failures="0" skipped="0" timestamp="2020-02-13T12:57:36" time="0.848" tests="1">
    <testcase classname=" get description" name=" get description" time="0.014">
    </testcase>
  </testsuite>
  <testsuite name="undefined" errors="0" failures="0" skipped="0" timestamp="2020-02-13T12:57:35" time="1.031" tests="1">
    <testcase classname=" get suites" name=" get suites" time="0.105">
    </testcase>
  </testsuite>
</testsuites>