<?xml version="1.0" encoding="UTF-8"?>
<testsuites name="jest tests" tests="3" failures="0" time="1.555">
  <testsuite name="undefined" errors="0" failures="0" skipped="0" timestamp="2019-11-29T14:23:44" time="0.638" tests="1">
    <testcase classname=" complete multi suites" name=" complete multi suites" time="0.011">
    </testcase>
  </testsuite>
  <testsuite name="undefined" errors="0" failures="0" skipped="0" timestamp="2019-11-29T14:23:45" time="0.231" tests="1">
    <testcase classname=" renders hero" name=" renders hero" time="0.031">
    </testcase>
  </testsuite>
  <testsuite name="undefined" errors="0" failures="0" skipped="0" timestamp="2019-11-29T14:23:45" time="0.118" tests="1">
    <testcase classname=" renders files" name=" renders files" time="0.004">
    </testcase>
  </testsuite>
</testsuites>