<?xml version="1.0" encoding="UTF-8"?>
<testsuites name="jest tests" tests="3" failures="0" time="1.255">
  <testsuite name="undefined" errors="0" failures="0" skipped="0" timestamp="2020-05-18T08:27:56" time="0.489" tests="1">
    <testcase classname=" get description" name=" get description" time="0.009">
    </testcase>
  </testsuite>
  <testsuite name="undefined" errors="0" failures="0" skipped="0" timestamp="2020-05-18T08:27:56" time="0.508" tests="1">
    <testcase classname=" complete multi suites" name=" complete multi suites" time="0.015">
    </testcase>
  </testsuite>
  <testsuite name="undefined" errors="0" failures="0" skipped="0" timestamp="2020-05-18T08:27:56" time="0.597" tests="1">
    <testcase classname=" get suites" name=" get suites" time="0.115">
    </testcase>
  </testsuite>
</testsuites>