<?xml version="1.0" encoding="UTF-8"?>
<testsuites name="jest tests" tests="13" failures="0" errors="0" time="6.671">
  <testsuite name="undefined" errors="0" failures="0" skipped="0" timestamp="2022-05-20T12:42:43" time="1.745" tests="1">
    <testcase classname=" get files" name=" get files" time="0.043">
    </testcase>
  </testsuite>
  <testsuite name="undefined" errors="0" failures="0" skipped="0" timestamp="2022-05-20T12:42:43" time="1.913" tests="1">
    <testcase classname=" renders suite" name=" renders suite" time="0.027">
    </testcase>
  </testsuite>
  <testsuite name="undefined" errors="0" failures="0" skipped="0" timestamp="2022-05-20T12:42:43" time="2.006" tests="1">
    <testcase classname=" complete multi suites" name=" complete multi suites" time="0.019">
    </testcase>
  </testsuite>
  <testsuite name="undefined" errors="0" failures="0" skipped="0" timestamp="2022-05-20T12:42:43" time="2.083" tests="1">
    <testcase classname=" get description" name=" get description" time="0.011">
    </testcase>
  </testsuite>
  <testsuite name="undefined" errors="0" failures="0" skipped="0" timestamp="2022-05-20T12:42:43" time="2.112" tests="1">
    <testcase classname=" renders properties options" name=" renders properties options" time="0.059">
    </testcase>
  </testsuite>
  <testsuite name="undefined" errors="0" failures="0" skipped="0" timestamp="2022-05-20T12:42:43" time="2.146" tests="1">
    <testcase classname=" renders files" name=" renders files" time="0.016">
    </testcase>
  </testsuite>
  <testsuite name="undefined" errors="0" failures="0" skipped="0" timestamp="2022-05-20T12:42:45" time="0.561" tests="1">
    <testcase classname=" renders test options" name=" renders test options" time="0.017">
    </testcase>
  </testsuite>
  <testsuite name="undefined" errors="0" failures="0" skipped="0" timestamp="2022-05-20T12:42:45" time="0.451" tests="2">
    <testcase classname=" renders hero" name=" renders hero" time="0.009">
    </testcase>
    <testcase classname=" renders hero with title and brand" name=" renders hero with title and brand" time="0.003">
    </testcase>
  </testsuite>
  <testsuite name="undefined" errors="0" failures="0" skipped="0" timestamp="2022-05-20T12:42:45" time="0.461" tests="1">
    <testcase classname=" renders suite options" name=" renders suite options" time="0.016">
    </testcase>
  </testsuite>
  <testsuite name="undefined" errors="0" failures="0" skipped="0" timestamp="2022-05-20T12:42:45" time="0.33" tests="1">
    <testcase classname=" renders toggle" name=" renders toggle" time="0.016">
    </testcase>
  </testsuite>
  <testsuite name="undefined" errors="0" failures="0" skipped="0" timestamp="2022-05-20T12:42:45" time="0.486" tests="1">
    <testcase classname=" renders logo" name=" renders logo" time="0.02">
    </testcase>
  </testsuite>
  <testsuite name="undefined" errors="0" failures="0" skipped="0" timestamp="2022-05-20T12:42:43" time="3.098" tests="1">
    <testcase classname=" get suites" name=" get suites" time="1.108">
    </testcase>
  </testsuite>
</testsuites>