<?xml version="1.0" encoding="UTF-8"?>
<testsuites name="jest tests" tests="12" failures="0" time="3.294">
  <testsuite name="undefined" errors="0" failures="0" skipped="0" timestamp="2020-02-17T09:06:59" time="0.991" tests="1">
    <testcase classname=" get suites" name=" get suites" time="0.148">
    </testcase>
  </testsuite>
  <testsuite name="undefined" errors="0" failures="0" skipped="0" timestamp="2020-02-17T09:07:00" time="0.113" tests="1">
    <testcase classname=" complete multi suites" name=" complete multi suites" time="0.013">
    </testcase>
  </testsuite>
  <testsuite name="undefined" errors="0" failures="0" skipped="0" timestamp="2020-02-17T09:07:00" time="0.228" tests="1">
    <testcase classname=" renders suite" name=" renders suite" time="0.022">
    </testcase>
  </testsuite>
  <testsuite name="undefined" errors="0" failures="0" skipped="0" timestamp="2020-02-17T09:07:01" time="0.118" tests="1">
    <testcase classname=" renders suite options" name=" renders suite options" time="0.006">
    </testcase>
  </testsuite>
  <testsuite name="undefined" errors="0" failures="0" skipped="0" timestamp="2020-02-17T09:07:01" time="0.12" tests="1">
    <testcase classname=" get description" name=" get description" time="0.007">
    </testcase>
  </testsuite>
  <testsuite name="undefined" errors="0" failures="0" skipped="0" timestamp="2020-02-17T09:07:01" time="0.128" tests="1">
    <testcase classname=" renders test options" name=" renders test options" time="0.007">
    </testcase>
  </testsuite>
  <testsuite name="undefined" errors="0" failures="0" skipped="0" timestamp="2020-02-17T09:07:01" time="0.131" tests="1">
    <testcase classname=" renders files" name=" renders files" time="0.011">
    </testcase>
  </testsuite>
  <testsuite name="undefined" errors="0" failures="0" skipped="0" timestamp="2020-02-17T09:07:01" time="0.078" tests="1">
    <testcase classname=" renders properties options" name=" renders properties options" time="0.004">
    </testcase>
  </testsuite>
  <testsuite name="undefined" errors="0" failures="0" skipped="0" timestamp="2020-02-17T09:07:01" time="0.079" tests="1">
    <testcase classname=" get files" name=" get files" time="0.005">
    </testcase>
  </testsuite>
  <testsuite name="undefined" errors="0" failures="0" skipped="0" timestamp="2020-02-17T09:07:01" time="0.077" tests="1">
    <testcase classname=" renders toggle" name=" renders toggle" time="0.003">
    </testcase>
  </testsuite>
  <testsuite name="undefined" errors="0" failures="0" skipped="0" timestamp="2020-02-17T09:07:02" time="0.117" tests="1">
    <testcase classname=" renders hero" name=" renders hero" time="0.005">
    </testcase>
  </testsuite>
  <testsuite name="undefined" errors="0" failures="0" skipped="0" timestamp="2020-02-17T09:07:02" time="0.071" tests="1">
    <testcase classname=" renders logo" name=" renders logo" time="0.003">
    </testcase>
  </testsuite>
</testsuites>