<?xml version="1.0" encoding="UTF-8"?>
<testsuites name="jest tests" tests="12" failures="0" time="1.985">
  <testsuite name="undefined" errors="0" failures="0" skipped="0" timestamp="2020-03-25T08:06:45" time="0.582" tests="1">
    <testcase classname=" renders files" name=" renders files" time="0.013">
    </testcase>
  </testsuite>
  <testsuite name="undefined" errors="0" failures="0" skipped="0" timestamp="2020-03-25T08:06:45" time="0.601" tests="1">
    <testcase classname=" renders suite" name=" renders suite" time="0.015">
    </testcase>
  </testsuite>
  <testsuite name="undefined" errors="0" failures="0" skipped="0" timestamp="2020-03-25T08:06:45" time="0.633" tests="1">
    <testcase classname=" get suites" name=" get suites" time="0.113">
    </testcase>
  </testsuite>
  <testsuite name="undefined" errors="0" failures="0" skipped="0" timestamp="2020-03-25T08:06:45" time="0.642" tests="1">
    <testcase classname=" renders properties options" name=" renders properties options" time="0.014">
    </testcase>
  </testsuite>
  <testsuite name="undefined" errors="0" failures="0" skipped="0" timestamp="2020-03-25T08:06:46" time="0.183" tests="1">
    <testcase classname=" complete multi suites" name=" complete multi suites" time="0.014">
    </testcase>
  </testsuite>
  <testsuite name="undefined" errors="0" failures="0" skipped="0" timestamp="2020-03-25T08:06:46" time="0.144" tests="1">
    <testcase classname=" renders logo" name=" renders logo" time="0.002">
    </testcase>
  </testsuite>
  <testsuite name="undefined" errors="0" failures="0" skipped="0" timestamp="2020-03-25T08:06:46" time="0.193" tests="1">
    <testcase classname=" renders suite options" name=" renders suite options" time="0.012">
    </testcase>
  </testsuite>
  <testsuite name="undefined" errors="0" failures="0" skipped="0" timestamp="2020-03-25T08:06:46" time="0.12" tests="1">
    <testcase classname=" renders test options" name=" renders test options" time="0.004">
    </testcase>
  </testsuite>
  <testsuite name="undefined" errors="0" failures="0" skipped="0" timestamp="2020-03-25T08:06:46" time="0.161" tests="1">
    <testcase classname=" renders hero" name=" renders hero" time="0.004">
    </testcase>
  </testsuite>
  <testsuite name="undefined" errors="0" failures="0" skipped="0" timestamp="2020-03-25T08:06:46" time="0.199" tests="1">
    <testcase classname=" get description" name=" get description" time="0.01">
    </testcase>
  </testsuite>
  <testsuite name="undefined" errors="0" failures="0" skipped="0" timestamp="2020-03-25T08:06:46" time="0.11" tests="1">
    <testcase classname=" renders toggle" name=" renders toggle" time="0.001">
    </testcase>
  </testsuite>
  <testsuite name="undefined" errors="0" failures="0" skipped="0" timestamp="2020-03-25T08:06:46" time="0.358" tests="1">
    <testcase classname=" get files" name=" get files" time="0.008">
    </testcase>
  </testsuite>
</testsuites>