<?xml version="1.0" encoding="UTF-8"?>
<testsuites name="jest tests" tests="13" failures="0" time="1.668">
  <testsuite name="undefined" errors="0" failures="0" skipped="0" timestamp="2020-05-15T09:19:33" time="0.545" tests="1">
    <testcase classname=" get suites" name=" get suites" time="0.097">
    </testcase>
  </testsuite>
  <testsuite name="undefined" errors="0" failures="0" skipped="0" timestamp="2020-05-15T09:19:33" time="0.086" tests="1">
    <testcase classname=" renders suite" name=" renders suite" time="0.013">
    </testcase>
  </testsuite>
  <testsuite name="undefined" errors="0" failures="0" skipped="0" timestamp="2020-05-15T09:19:34" time="0.071" tests="1">
    <testcase classname=" get description" name=" get description" time="0.005">
    </testcase>
  </testsuite>
  <testsuite name="undefined" errors="0" failures="0" skipped="0" timestamp="2020-05-15T09:19:34" time="0.075" tests="2">
    <testcase classname=" renders hero" name=" renders hero" time="0.002">
    </testcase>
    <testcase classname=" renders hero with title and brand" name=" renders hero with title and brand" time="0.001">
    </testcase>
  </testsuite>
  <testsuite name="undefined" errors="0" failures="0" skipped="0" timestamp="2020-05-15T09:19:34" time="0.052" tests="1">
    <testcase classname=" renders logo" name=" renders logo" time="0.002">
    </testcase>
  </testsuite>
  <testsuite name="undefined" errors="0" failures="0" skipped="0" timestamp="2020-05-15T09:19:34" time="0.052" tests="1">
    <testcase classname=" renders toggle" name=" renders toggle" time="0.002">
    </testcase>
  </testsuite>
  <testsuite name="undefined" errors="0" failures="0" skipped="0" timestamp="2020-05-15T09:19:34" time="0.048" tests="1">
    <testcase classname=" get files" name=" get files" time="0.003">
    </testcase>
  </testsuite>
  <testsuite name="undefined" errors="0" failures="0" skipped="0" timestamp="2020-05-15T09:19:34" time="0.047" tests="1">
    <testcase classname=" renders test options" name=" renders test options" time="0.004">
    </testcase>
  </testsuite>
  <testsuite name="undefined" errors="0" failures="0" skipped="0" timestamp="2020-05-15T09:19:34" time="0.06" tests="1">
    <testcase classname=" renders files" name=" renders files" time="0.002">
    </testcase>
  </testsuite>
  <testsuite name="undefined" errors="0" failures="0" skipped="0" timestamp="2020-05-15T09:19:34" time="0.046" tests="1">
    <testcase classname=" renders properties options" name=" renders properties options" time="0.002">
    </testcase>
  </testsuite>
  <testsuite name="undefined" errors="0" failures="0" skipped="0" timestamp="2020-05-15T09:19:34" time="0.051" tests="1">
    <testcase classname=" complete multi suites" name=" complete multi suites" time="0.005">
    </testcase>
  </testsuite>
  <testsuite name="undefined" errors="0" failures="0" skipped="0" timestamp="2020-05-15T09:19:34" time="0.045" tests="1">
    <testcase classname=" renders suite options" name=" renders suite options" time="0.003">
    </testcase>
  </testsuite>
</testsuites>