<?xml version="1.0" encoding="UTF-8"?>
<testsuites name="jest tests" tests="12" failures="0" time="2.634">
  <testsuite name="undefined" errors="0" failures="0" skipped="0" timestamp="2020-02-11T08:27:02" time="0.677" tests="1">
    <testcase classname=" renders logo" name=" renders logo" time="0.016">
    </testcase>
  </testsuite>
  <testsuite name="undefined" errors="0" failures="0" skipped="0" timestamp="2020-02-11T08:27:02" time="0.75" tests="1">
    <testcase classname=" renders properties options" name=" renders properties options" time="0.02">
    </testcase>
  </testsuite>
  <testsuite name="undefined" errors="0" failures="0" skipped="0" timestamp="2020-02-11T08:27:03" time="0.191" tests="1">
    <testcase classname=" get files" name=" get files" time="0.015">
    </testcase>
  </testsuite>
  <testsuite name="undefined" errors="0" failures="0" skipped="0" timestamp="2020-02-11T08:27:02" time="0.897" tests="1">
    <testcase classname=" renders hero" name=" renders hero" time="0.041">
    </testcase>
  </testsuite>
  <testsuite name="undefined" errors="0" failures="0" skipped="0" timestamp="2020-02-11T08:27:03" time="0.287" tests="1">
    <testcase classname=" renders suite" name=" renders suite" time="0.011">
    </testcase>
  </testsuite>
  <testsuite name="undefined" errors="0" failures="0" skipped="0" timestamp="2020-02-11T08:27:03" time="0.293" tests="1">
    <testcase classname=" get description" name=" get description" time="0.014">
    </testcase>
  </testsuite>
  <testsuite name="undefined" errors="0" failures="0" skipped="0" timestamp="2020-02-11T08:27:03" time="0.249" tests="1">
    <testcase classname=" complete multi suites" name=" complete multi suites" time="0.013">
    </testcase>
  </testsuite>
  <testsuite name="undefined" errors="0" failures="0" skipped="0" timestamp="2020-02-11T08:27:04" time="0.219" tests="1">
    <testcase classname=" renders test options" name=" renders test options" time="0.004">
    </testcase>
  </testsuite>
  <testsuite name="undefined" errors="0" failures="0" skipped="0" timestamp="2020-02-11T08:27:04" time="0.182" tests="1">
    <testcase classname=" renders toggle" name=" renders toggle" time="0.003">
    </testcase>
  </testsuite>
  <testsuite name="undefined" errors="0" failures="0" skipped="0" timestamp="2020-02-11T08:27:04" time="0.187" tests="1">
    <testcase classname=" renders suite options" name=" renders suite options" time="0.003">
    </testcase>
  </testsuite>
  <testsuite name="undefined" errors="0" failures="0" skipped="0" timestamp="2020-02-11T08:27:02" time="1.527" tests="1">
    <testcase classname=" get suites" name=" get suites" time="0.089">
    </testcase>
  </testsuite>
  <testsuite name="undefined" errors="0" failures="0" skipped="0" timestamp="2020-02-11T08:27:04" time="0.187" tests="1">
    <testcase classname=" renders files" name=" renders files" time="0.003">
    </testcase>
  </testsuite>
</testsuites>