<?xml version="1.0" encoding="UTF-8"?>
<testsuites name="jest tests" tests="3" failures="0" time="1.532">
  <testsuite name="undefined" errors="0" failures="0" skipped="0" timestamp="2019-11-29T14:28:05" time="0.641" tests="1">
    <testcase classname=" complete multi suites" name=" complete multi suites" time="0.018">
    </testcase>
  </testsuite>
  <testsuite name="undefined" errors="0" failures="0" skipped="0" timestamp="2019-11-29T14:28:05" time="0.233" tests="1">
    <testcase classname=" renders hero" name=" renders hero" time="0.029">
    </testcase>
  </testsuite>
  <testsuite name="undefined" errors="0" failures="0" skipped="0" timestamp="2019-11-29T14:28:05" time="0.108" tests="1">
    <testcase classname=" renders files" name=" renders files" time="0.004">
    </testcase>
  </testsuite>
</testsuites>