<?xml version="1.0" encoding="UTF-8"?>
<testsuites name="jest tests" tests="12" failures="0" time="3.284">
  <testsuite name="undefined" errors="0" failures="0" skipped="0" timestamp="2020-02-21T08:03:37" time="0.944" tests="1">
    <testcase classname=" renders test options" name=" renders test options" time="0.024">
    </testcase>
  </testsuite>
  <testsuite name="undefined" errors="0" failures="0" skipped="0" timestamp="2020-02-21T08:03:37" time="1.002" tests="1">
    <testcase classname=" renders properties options" name=" renders properties options" time="0.025">
    </testcase>
  </testsuite>
  <testsuite name="undefined" errors="0" failures="0" skipped="0" timestamp="2020-02-21T08:03:38" time="0.291" tests="1">
    <testcase classname=" renders suite options" name=" renders suite options" time="0.004">
    </testcase>
  </testsuite>
  <testsuite name="undefined" errors="0" failures="0" skipped="0" timestamp="2020-02-21T08:03:38" time="0.33" tests="1">
    <testcase classname=" renders files" name=" renders files" time="0.006">
    </testcase>
  </testsuite>
  <testsuite name="undefined" errors="0" failures="0" skipped="0" timestamp="2020-02-21T08:03:38" time="0.247" tests="1">
    <testcase classname=" renders toggle" name=" renders toggle" time="0.003">
    </testcase>
  </testsuite>
  <testsuite name="undefined" errors="0" failures="0" skipped="0" timestamp="2020-02-21T08:03:37" time="1.652" tests="1">
    <testcase classname=" get files" name=" get files" time="0.036">
    </testcase>
  </testsuite>
  <testsuite name="undefined" errors="0" failures="0" skipped="0" timestamp="2020-02-21T08:03:38" time="0.233" tests="1">
    <testcase classname=" renders hero" name=" renders hero" time="0.005">
    </testcase>
  </testsuite>
  <testsuite name="undefined" errors="0" failures="0" skipped="0" timestamp="2020-02-21T08:03:38" time="0.236" tests="1">
    <testcase classname=" renders logo" name=" renders logo" time="0.002">
    </testcase>
  </testsuite>
  <testsuite name="undefined" errors="0" failures="0" skipped="0" timestamp="2020-02-21T08:03:37" time="1.867" tests="1">
    <testcase classname=" complete multi suites" name=" complete multi suites" time="0.014">
    </testcase>
  </testsuite>
  <testsuite name="undefined" errors="0" failures="0" skipped="0" timestamp="2020-02-21T08:03:37" time="1.895" tests="1">
    <testcase classname=" get description" name=" get description" time="0.014">
    </testcase>
  </testsuite>
  <testsuite name="undefined" errors="0" failures="0" skipped="0" timestamp="2020-02-21T08:03:37" time="2.02" tests="1">
    <testcase classname=" get suites" name=" get suites" time="0.108">
    </testcase>
  </testsuite>
  <testsuite name="undefined" errors="0" failures="0" skipped="0" timestamp="2020-02-21T08:03:37" time="2.089" tests="1">
    <testcase classname=" renders suite" name=" renders suite" time="0.018">
    </testcase>
  </testsuite>
</testsuites>